<?xml version="1.0" encoding="UTF-8"?>
<coverage generated="1595823620601" clover="3.2.0">
  <project timestamp="1595823620601" name="All files">
    <metrics statements="31" coveredstatements="29" conditionals="21" coveredconditionals="14" methods="46" coveredmethods="43" elements="98" coveredelements="86" complexity="0" loc="31" ncloc="31" packages="2" files="3" classes="3"/>
    <package name="lib">
      <metrics statements="1" coveredstatements="1" conditionals="17" coveredconditionals="10" methods="34" coveredmethods="32"/>
      <file name="index.js" path="/Users/wendersonpires/workspace/reactive-singleton/lib/index.js">
        <metrics statements="1" coveredstatements="1" conditionals="17" coveredconditionals="10" methods="34" coveredmethods="32"/>
        <line num="1" count="15" type="cond" truecount="10" falsecount="7"/>
      </file>
    </package>
    <package name="tests.mocks">
      <metrics statements="30" coveredstatements="28" conditionals="4" coveredconditionals="4" methods="12" coveredmethods="11"/>
      <file name="mockedClassOne.ts" path="/Users/wendersonpires/workspace/reactive-singleton/tests/mocks/mockedClassOne.ts">
        <metrics statements="14" coveredstatements="14" conditionals="2" coveredconditionals="2" methods="5" coveredmethods="5"/>
        <line num="2" count="3" type="stmt"/>
        <line num="11" count="3" type="stmt"/>
        <line num="14" count="3" type="stmt"/>
        <line num="15" count="4" type="cond" truecount="2" falsecount="0"/>
        <line num="16" count="2" type="stmt"/>
        <line num="18" count="4" type="stmt"/>
        <line num="21" count="2" type="stmt"/>
        <line num="26" count="5" type="stmt"/>
        <line num="27" count="5" type="stmt"/>
        <line num="28" count="5" type="stmt"/>
        <line num="32" count="5" type="stmt"/>
        <line num="35" count="3" type="stmt"/>
        <line num="36" count="3" type="stmt"/>
        <line num="38" count="3" type="stmt"/>
      </file>
      <file name="mockedClassTwo.ts" path="/Users/wendersonpires/workspace/reactive-singleton/tests/mocks/mockedClassTwo.ts">
        <metrics statements="16" coveredstatements="14" conditionals="2" coveredconditionals="2" methods="7" coveredmethods="6"/>
        <line num="2" count="1" type="stmt"/>
        <line num="11" count="1" type="stmt"/>
        <line num="14" count="1" type="stmt"/>
        <line num="15" count="2" type="cond" truecount="2" falsecount="0"/>
        <line num="16" count="1" type="stmt"/>
        <line num="18" count="2" type="stmt"/>
        <line num="22" count="1" type="stmt"/>
        <line num="25" count="1" type="stmt"/>
        <line num="30" count="1" type="stmt"/>
        <line num="31" count="1" type="stmt"/>
        <line num="32" count="1" type="stmt"/>
        <line num="33" count="0" type="stmt"/>
        <line num="37" count="0" type="stmt"/>
        <line num="41" count="1" type="stmt"/>
        <line num="42" count="1" type="stmt"/>
        <line num="44" count="1" type="stmt"/>
      </file>
    </package>
  </project>
</coverage>
