{"/Users/wendersonpires/workspace/reactive-singleton/lib/index.js": {"path":"/Users/wendersonpires/workspace/reactive-singleton/lib/index.js","statementMap":{"0":{"start":{"line":1,"column":0},"end":{"line":1,"column":55}},"1":{"start":{"line":1,"column":63},"end":{"line":1,"column":79}},"2":{"start":{"line":1,"column":82},"end":{"line":1,"column":134}},"3":{"start":{"line":1,"column":137},"end":{"line":1,"column":341}},"4":{"start":{"line":1,"column":148},"end":{"line":1,"column":340}},"5":{"start":{"line":1,"column":184},"end":{"line":1,"column":308}},"6":{"start":{"line":1,"column":196},"end":{"line":1,"column":197}},"7":{"start":{"line":1,"column":200},"end":{"line":1,"column":216}},"8":{"start":{"line":1,"column":225},"end":{"line":1,"column":308}},"9":{"start":{"line":1,"column":253},"end":{"line":1,"column":308}},"10":{"start":{"line":1,"column":308},"end":{"line":1,"column":316}},"11":{"start":{"line":1,"column":344},"end":{"line":1,"column":346}},"12":{"start":{"line":1,"column":349},"end":{"line":1,"column":373}},"13":{"start":{"line":1,"column":361},"end":{"line":1,"column":372}},"14":{"start":{"line":1,"column":376},"end":{"line":1,"column":378}},"15":{"start":{"line":1,"column":381},"end":{"line":1,"column":405}},"16":{"start":{"line":1,"column":393},"end":{"line":1,"column":404}},"17":{"start":{"line":1,"column":408},"end":{"line":1,"column":424}},"18":{"start":{"line":1,"column":427},"end":{"line":1,"column":445}},"19":{"start":{"line":1,"column":448},"end":{"line":1,"column":746}},"20":{"start":{"line":1,"column":472},"end":{"line":1,"column":489}},"21":{"start":{"line":1,"column":490},"end":{"line":1,"column":743}},"22":{"start":{"line":1,"column":531},"end":{"line":1,"column":553}},"23":{"start":{"line":1,"column":592},"end":{"line":1,"column":657}},"24":{"start":{"line":1,"column":642},"end":{"line":1,"column":654}},"25":{"start":{"line":1,"column":690},"end":{"line":1,"column":740}},"26":{"start":{"line":1,"column":726},"end":{"line":1,"column":737}},"27":{"start":{"line":1,"column":749},"end":{"line":1,"column":1081}},"28":{"start":{"line":1,"column":783},"end":{"line":1,"column":902}},"29":{"start":{"line":1,"column":903},"end":{"line":1,"column":1078}},"30":{"start":{"line":1,"column":949},"end":{"line":1,"column":950}},"31":{"start":{"line":1,"column":951},"end":{"line":1,"column":972}},"32":{"start":{"line":1,"column":1006},"end":{"line":1,"column":1075}},"33":{"start":{"line":1,"column":1096},"end":{"line":1,"column":1112}},"34":{"start":{"line":1,"column":1118},"end":{"line":1,"column":1402}},"35":{"start":{"line":1,"column":1136},"end":{"line":1,"column":1142}},"36":{"start":{"line":1,"column":1145},"end":{"line":1,"column":1149}},"37":{"start":{"line":1,"column":1150},"end":{"line":1,"column":1302}},"38":{"start":{"line":1,"column":1156},"end":{"line":1,"column":1302}},"39":{"start":{"line":1,"column":1308},"end":{"line":1,"column":1320}},"40":{"start":{"line":1,"column":1323},"end":{"line":1,"column":1334}},"41":{"start":{"line":1,"column":1337},"end":{"line":1,"column":1345}},"42":{"start":{"line":1,"column":1348},"end":{"line":1,"column":1353}},"43":{"start":{"line":1,"column":1354},"end":{"line":1,"column":1398}},"44":{"start":{"line":1,"column":1403},"end":{"line":1,"column":1456}},"45":{"start":{"line":1,"column":1457},"end":{"line":1,"column":2482}},"46":{"start":{"line":1,"column":1501},"end":{"line":1,"column":1511}},"47":{"start":{"line":1,"column":1514},"end":{"line":1,"column":1534}},"48":{"start":{"line":1,"column":1537},"end":{"line":1,"column":1541}},"49":{"start":{"line":1,"column":1544},"end":{"line":1,"column":1548}},"50":{"start":{"line":1,"column":1549},"end":{"line":1,"column":1873}},"51":{"start":{"line":1,"column":1580},"end":{"line":1,"column":1706}},"52":{"start":{"line":1,"column":1616},"end":{"line":1,"column":1703}},"53":{"start":{"line":1,"column":1644},"end":{"line":1,"column":1700}},"54":{"start":{"line":1,"column":1667},"end":{"line":1,"column":1695}},"55":{"start":{"line":1,"column":1737},"end":{"line":1,"column":1818}},"56":{"start":{"line":1,"column":1779},"end":{"line":1,"column":1783}},"57":{"start":{"line":1,"column":1784},"end":{"line":1,"column":1815}},"58":{"start":{"line":1,"column":1916},"end":{"line":1,"column":1921}},"59":{"start":{"line":1,"column":1922},"end":{"line":1,"column":2151}},"60":{"start":{"line":1,"column":1958},"end":{"line":1,"column":1966}},"61":{"start":{"line":1,"column":1967},"end":{"line":1,"column":2061}},"62":{"start":{"line":1,"column":2023},"end":{"line":1,"column":2058}},"63":{"start":{"line":1,"column":2094},"end":{"line":1,"column":2149}},"64":{"start":{"line":1,"column":2192},"end":{"line":1,"column":2210}},"65":{"start":{"line":1,"column":2256},"end":{"line":1,"column":2300}},"66":{"start":{"line":1,"column":2268},"end":{"line":1,"column":2296}},"67":{"start":{"line":1,"column":2303},"end":{"line":1,"column":2317}},"68":{"start":{"line":1,"column":2320},"end":{"line":1,"column":2324}},"69":{"start":{"line":1,"column":2327},"end":{"line":1,"column":2331}},"70":{"start":{"line":1,"column":2332},"end":{"line":1,"column":2480}},"71":{"start":{"line":1,"column":2369},"end":{"line":1,"column":2420}},"72":{"start":{"line":1,"column":2381},"end":{"line":1,"column":2419}},"73":{"start":{"line":1,"column":2421},"end":{"line":1,"column":2472}},"74":{"start":{"line":1,"column":2454},"end":{"line":1,"column":2471}}},"fnMap":{"0":{"name":"(anonymous_0)","decl":{"start":{"line":1,"column":137},"end":{"line":1,"column":138}},"loc":{"start":{"line":1,"column":147},"end":{"line":1,"column":341}},"line":1},"1":{"name":"(anonymous_1)","decl":{"start":{"line":1,"column":172},"end":{"line":1,"column":173}},"loc":{"start":{"line":1,"column":183},"end":{"line":1,"column":317}},"line":1},"2":{"name":"(anonymous_2)","decl":{"start":{"line":1,"column":349},"end":{"line":1,"column":350}},"loc":{"start":{"line":1,"column":360},"end":{"line":1,"column":373}},"line":1},"3":{"name":"(anonymous_3)","decl":{"start":{"line":1,"column":381},"end":{"line":1,"column":382}},"loc":{"start":{"line":1,"column":392},"end":{"line":1,"column":405}},"line":1},"4":{"name":"(anonymous_4)","decl":{"start":{"line":1,"column":448},"end":{"line":1,"column":449}},"loc":{"start":{"line":1,"column":458},"end":{"line":1,"column":744}},"line":1},"5":{"name":"t","decl":{"start":{"line":1,"column":468},"end":{"line":1,"column":469}},"loc":{"start":{"line":1,"column":471},"end":{"line":1,"column":490}},"line":1},"6":{"name":"(anonymous_6)","decl":{"start":{"line":1,"column":519},"end":{"line":1,"column":520}},"loc":{"start":{"line":1,"column":530},"end":{"line":1,"column":554}},"line":1},"7":{"name":"(anonymous_7)","decl":{"start":{"line":1,"column":580},"end":{"line":1,"column":581}},"loc":{"start":{"line":1,"column":591},"end":{"line":1,"column":658}},"line":1},"8":{"name":"(anonymous_8)","decl":{"start":{"line":1,"column":630},"end":{"line":1,"column":631}},"loc":{"start":{"line":1,"column":641},"end":{"line":1,"column":655}},"line":1},"9":{"name":"(anonymous_9)","decl":{"start":{"line":1,"column":678},"end":{"line":1,"column":679}},"loc":{"start":{"line":1,"column":689},"end":{"line":1,"column":741}},"line":1},"10":{"name":"(anonymous_10)","decl":{"start":{"line":1,"column":714},"end":{"line":1,"column":715}},"loc":{"start":{"line":1,"column":725},"end":{"line":1,"column":738}},"line":1},"11":{"name":"(anonymous_11)","decl":{"start":{"line":1,"column":749},"end":{"line":1,"column":750}},"loc":{"start":{"line":1,"column":759},"end":{"line":1,"column":1079}},"line":1},"12":{"name":"t","decl":{"start":{"line":1,"column":769},"end":{"line":1,"column":770}},"loc":{"start":{"line":1,"column":772},"end":{"line":1,"column":903}},"line":1},"13":{"name":"(anonymous_13)","decl":{"start":{"line":1,"column":931},"end":{"line":1,"column":932}},"loc":{"start":{"line":1,"column":942},"end":{"line":1,"column":973}},"line":1},"14":{"name":"(anonymous_14)","decl":{"start":{"line":1,"column":995},"end":{"line":1,"column":996}},"loc":{"start":{"line":1,"column":1005},"end":{"line":1,"column":1076}},"line":1},"15":{"name":"b","decl":{"start":{"line":1,"column":1091},"end":{"line":1,"column":1092}},"loc":{"start":{"line":1,"column":1095},"end":{"line":1,"column":1457}},"line":1},"16":{"name":"(anonymous_16)","decl":{"start":{"line":1,"column":1118},"end":{"line":1,"column":1119}},"loc":{"start":{"line":1,"column":1129},"end":{"line":1,"column":1399}},"line":1},"17":{"name":"(anonymous_17)","decl":{"start":{"line":1,"column":1483},"end":{"line":1,"column":1484}},"loc":{"start":{"line":1,"column":1494},"end":{"line":1,"column":1874}},"line":1},"18":{"name":"(anonymous_18)","decl":{"start":{"line":1,"column":1569},"end":{"line":1,"column":1570}},"loc":{"start":{"line":1,"column":1579},"end":{"line":1,"column":1707}},"line":1},"19":{"name":"(anonymous_19)","decl":{"start":{"line":1,"column":1604},"end":{"line":1,"column":1605}},"loc":{"start":{"line":1,"column":1615},"end":{"line":1,"column":1704}},"line":1},"20":{"name":"(anonymous_20)","decl":{"start":{"line":1,"column":1632},"end":{"line":1,"column":1633}},"loc":{"start":{"line":1,"column":1643},"end":{"line":1,"column":1701}},"line":1},"21":{"name":"(anonymous_21)","decl":{"start":{"line":1,"column":1656},"end":{"line":1,"column":1657}},"loc":{"start":{"line":1,"column":1666},"end":{"line":1,"column":1696}},"line":1},"22":{"name":"(anonymous_22)","decl":{"start":{"line":1,"column":1726},"end":{"line":1,"column":1727}},"loc":{"start":{"line":1,"column":1736},"end":{"line":1,"column":1819}},"line":1},"23":{"name":"(anonymous_23)","decl":{"start":{"line":1,"column":1761},"end":{"line":1,"column":1762}},"loc":{"start":{"line":1,"column":1772},"end":{"line":1,"column":1816}},"line":1},"24":{"name":"(anonymous_24)","decl":{"start":{"line":1,"column":1899},"end":{"line":1,"column":1900}},"loc":{"start":{"line":1,"column":1909},"end":{"line":1,"column":2152}},"line":1},"25":{"name":"(anonymous_25)","decl":{"start":{"line":1,"column":1940},"end":{"line":1,"column":1941}},"loc":{"start":{"line":1,"column":1951},"end":{"line":1,"column":2062}},"line":1},"26":{"name":"(anonymous_26)","decl":{"start":{"line":1,"column":2012},"end":{"line":1,"column":2013}},"loc":{"start":{"line":1,"column":2022},"end":{"line":1,"column":2059}},"line":1},"27":{"name":"(anonymous_27)","decl":{"start":{"line":1,"column":2072},"end":{"line":1,"column":2073}},"loc":{"start":{"line":1,"column":2083},"end":{"line":1,"column":2150}},"line":1},"28":{"name":"(anonymous_28)","decl":{"start":{"line":1,"column":2180},"end":{"line":1,"column":2181}},"loc":{"start":{"line":1,"column":2191},"end":{"line":1,"column":2211}},"line":1},"29":{"name":"(anonymous_29)","decl":{"start":{"line":1,"column":2238},"end":{"line":1,"column":2239}},"loc":{"start":{"line":1,"column":2249},"end":{"line":1,"column":2481}},"line":1},"30":{"name":"(anonymous_30)","decl":{"start":{"line":1,"column":2256},"end":{"line":1,"column":2257}},"loc":{"start":{"line":1,"column":2267},"end":{"line":1,"column":2297}},"line":1},"31":{"name":"(anonymous_31)","decl":{"start":{"line":1,"column":2352},"end":{"line":1,"column":2353}},"loc":{"start":{"line":1,"column":2362},"end":{"line":1,"column":2473}},"line":1},"32":{"name":"(anonymous_32)","decl":{"start":{"line":1,"column":2369},"end":{"line":1,"column":2370}},"loc":{"start":{"line":1,"column":2380},"end":{"line":1,"column":2420}},"line":1},"33":{"name":"(anonymous_33)","decl":{"start":{"line":1,"column":2443},"end":{"line":1,"column":2444}},"loc":{"start":{"line":1,"column":2453},"end":{"line":1,"column":2472}},"line":1}},"branchMap":{"0":{"loc":{"start":{"line":1,"column":82},"end":{"line":1,"column":134}},"type":"cond-expr","locations":[{"start":{"line":1,"column":123},"end":{"line":1,"column":132}},{"start":{"line":1,"column":133},"end":{"line":1,"column":134}}],"line":1},"1":{"loc":{"start":{"line":1,"column":82},"end":{"line":1,"column":122}},"type":"binary-expr","locations":[{"start":{"line":1,"column":83},"end":{"line":1,"column":86}},{"start":{"line":1,"column":89},"end":{"line":1,"column":107}},{"start":{"line":1,"column":109},"end":{"line":1,"column":122}}],"line":1},"2":{"loc":{"start":{"line":1,"column":157},"end":{"line":1,"column":317}},"type":"binary-expr","locations":[{"start":{"line":1,"column":157},"end":{"line":1,"column":170}},{"start":{"line":1,"column":172},"end":{"line":1,"column":317}}],"line":1},"3":{"loc":{"start":{"line":1,"column":253},"end":{"line":1,"column":307}},"type":"binary-expr","locations":[{"start":{"line":1,"column":253},"end":{"line":1,"column":294}},{"start":{"line":1,"column":297},"end":{"line":1,"column":306}}],"line":1},"4":{"loc":{"start":{"line":1,"column":1150},"end":{"line":1,"column":1302}},"type":"if","locations":[{"start":{"line":1,"column":1150},"end":{"line":1,"column":1302}},{"start":{"line":1,"column":1150},"end":{"line":1,"column":1302}}],"line":1},"5":{"loc":{"start":{"line":1,"column":1667},"end":{"line":1,"column":1690}},"type":"binary-expr","locations":[{"start":{"line":1,"column":1667},"end":{"line":1,"column":1672}},{"start":{"line":1,"column":1674},"end":{"line":1,"column":1690}}],"line":1},"6":{"loc":{"start":{"line":1,"column":1784},"end":{"line":1,"column":1815}},"type":"binary-expr","locations":[{"start":{"line":1,"column":1784},"end":{"line":1,"column":1802}},{"start":{"line":1,"column":1804},"end":{"line":1,"column":1815}}],"line":1},"7":{"loc":{"start":{"line":1,"column":2381},"end":{"line":1,"column":2419}},"type":"binary-expr","locations":[{"start":{"line":1,"column":2381},"end":{"line":1,"column":2392}},{"start":{"line":1,"column":2395},"end":{"line":1,"column":2418}}],"line":1}},"s":{"0":4,"1":4,"2":4,"3":4,"4":6,"5":0,"6":0,"7":0,"8":0,"9":0,"10":0,"11":4,"12":4,"13":15,"14":4,"15":4,"16":8,"17":4,"18":4,"19":4,"20":4,"21":4,"22":5,"23":2,"24":3,"25":11,"26":6,"27":4,"28":4,"29":4,"30":4,"31":4,"32":5,"33":5,"34":5,"35":5,"36":5,"37":5,"38":0,"39":5,"40":5,"41":5,"42":5,"43":5,"44":5,"45":4,"46":6,"47":6,"48":6,"49":6,"50":6,"51":4,"52":4,"53":4,"54":0,"55":4,"56":3,"57":3,"58":4,"59":4,"60":6,"61":6,"62":5,"63":4,"64":3,"65":2,"66":2,"67":2,"68":2,"69":2,"70":2,"71":1,"72":2,"73":1,"74":1},"f":{"0":6,"1":0,"2":15,"3":8,"4":4,"5":4,"6":5,"7":2,"8":3,"9":11,"10":6,"11":4,"12":4,"13":4,"14":5,"15":5,"16":5,"17":6,"18":4,"19":4,"20":4,"21":0,"22":4,"23":3,"24":4,"25":6,"26":5,"27":4,"28":3,"29":2,"30":2,"31":1,"32":2,"33":1},"b":{"0":[0,4],"1":[4,4,4],"2":[6,0],"3":[0,0],"4":[0,5],"5":[0,0],"6":[3,1],"7":[2,1]},"inputSourceMap":null,"_coverageSchema":"1a1c01bbd47fc00a2c39e90264f33305004495a9","hash":"9dfdc1768f6fc99ac85c7bee3486cdbce59e39b8"}
,"/Users/wendersonpires/workspace/reactive-singleton/tests/mocks/mockedClassOne.ts": {"path":"/Users/wendersonpires/workspace/reactive-singleton/tests/mocks/mockedClassOne.ts","statementMap":{"0":{"start":{"line":2,"column":13},"end":{"line":39,"column":null}},"1":{"start":{"line":11,"column":2},"end":{"line":11,"column":null}},"2":{"start":{"line":21,"column":11},"end":{"line":24,"column":null}},"3":{"start":{"line":14,"column":18},"end":{"line":19,"column":null}},"4":{"start":{"line":15,"column":6},"end":{"line":17,"column":null}},"5":{"start":{"line":16,"column":8},"end":{"line":16,"column":null}},"6":{"start":{"line":18,"column":6},"end":{"line":18,"column":null}},"7":{"start":{"line":26,"column":11},"end":{"line":34,"column":null}},"8":{"start":{"line":26,"column":4},"end":{"line":26,"column":11}},"9":{"start":{"line":27,"column":6},"end":{"line":33,"column":null}},"10":{"start":{"line":28,"column":8},"end":{"line":31,"column":null}},"11":{"start":{"line":32,"column":8},"end":{"line":32,"column":null}},"12":{"start":{"line":35,"column":2},"end":{"line":35,"column":null}},"13":{"start":{"line":36,"column":2},"end":{"line":36,"column":null}},"14":{"start":{"line":38,"column":2},"end":{"line":38,"column":null}}},"fnMap":{"0":{"name":"(anonymous_0)","decl":{"start":{"line":2,"column":38},"end":{"line":2,"column":null}},"loc":{"start":{"line":4,"column":22},"end":{"line":39,"column":1}}},"1":{"name":"(anonymous_1)","decl":{"start":{"line":11,"column":2},"end":{"line":11,"column":null}},"loc":{"start":{"line":11,"column":2},"end":{"line":35,"column":null}}},"2":{"name":"(anonymous_3)","decl":{"start":{"line":14,"column":4},"end":{"line":14,"column":18}},"loc":{"start":{"line":14,"column":4},"end":{"line":19,"column":5}}},"3":{"name":"(anonymous_4)","decl":{"start":{"line":26,"column":4},"end":{"line":26,"column":11}},"loc":{"start":{"line":26,"column":51},"end":{"line":34,"column":5}}},"4":{"name":"(anonymous_5)","decl":{"start":{"line":27,"column":17},"end":{"line":27,"column":18}},"loc":{"start":{"line":27,"column":22},"end":{"line":33,"column":7}}}},"branchMap":{"0":{"loc":{"start":{"line":15,"column":6},"end":{"line":17,"column":null}},"type":"if","locations":[{"start":{"line":15,"column":6},"end":{"line":17,"column":null}},{"start":{"line":15,"column":6},"end":{"line":17,"column":null}}]}},"s":{"0":3,"1":3,"2":2,"3":3,"4":4,"5":2,"6":4,"7":3,"8":5,"9":5,"10":5,"11":5,"12":3,"13":3,"14":3},"f":{"0":3,"1":5,"2":4,"3":5,"4":5},"b":{"0":[2,2]}}
,"/Users/wendersonpires/workspace/reactive-singleton/tests/mocks/mockedClassTwo.ts": {"path":"/Users/wendersonpires/workspace/reactive-singleton/tests/mocks/mockedClassTwo.ts","statementMap":{"0":{"start":{"line":2,"column":13},"end":{"line":45,"column":null}},"1":{"start":{"line":11,"column":2},"end":{"line":11,"column":null}},"2":{"start":{"line":25,"column":11},"end":{"line":28,"column":null}},"3":{"start":{"line":22,"column":6},"end":{"line":22,"column":null}},"4":{"start":{"line":14,"column":18},"end":{"line":19,"column":null}},"5":{"start":{"line":15,"column":6},"end":{"line":17,"column":null}},"6":{"start":{"line":16,"column":8},"end":{"line":16,"column":null}},"7":{"start":{"line":18,"column":6},"end":{"line":18,"column":null}},"8":{"start":{"line":30,"column":11},"end":{"line":40,"column":null}},"9":{"start":{"line":30,"column":4},"end":{"line":30,"column":11}},"10":{"start":{"line":31,"column":6},"end":{"line":39,"column":null}},"11":{"start":{"line":32,"column":8},"end":{"line":38,"column":null}},"12":{"start":{"line":33,"column":10},"end":{"line":36,"column":null}},"13":{"start":{"line":37,"column":10},"end":{"line":37,"column":null}},"14":{"start":{"line":41,"column":2},"end":{"line":41,"column":null}},"15":{"start":{"line":42,"column":2},"end":{"line":42,"column":null}},"16":{"start":{"line":44,"column":2},"end":{"line":44,"column":null}}},"fnMap":{"0":{"name":"(anonymous_2)","decl":{"start":{"line":2,"column":38},"end":{"line":2,"column":null}},"loc":{"start":{"line":4,"column":22},"end":{"line":45,"column":1}}},"1":{"name":"(anonymous_3)","decl":{"start":{"line":11,"column":2},"end":{"line":11,"column":null}},"loc":{"start":{"line":11,"column":2},"end":{"line":41,"column":null}}},"2":{"name":"TestSingleton","decl":{"start":{"line":21,"column":4},"end":{"line":21,"column":null}},"loc":{"start":{"line":21,"column":4},"end":{"line":23,"column":5}}},"3":{"name":"(anonymous_5)","decl":{"start":{"line":14,"column":4},"end":{"line":14,"column":18}},"loc":{"start":{"line":14,"column":4},"end":{"line":19,"column":5}}},"4":{"name":"(anonymous_6)","decl":{"start":{"line":30,"column":4},"end":{"line":30,"column":11}},"loc":{"start":{"line":30,"column":39},"end":{"line":40,"column":5}}},"5":{"name":"(anonymous_7)","decl":{"start":{"line":31,"column":17},"end":{"line":31,"column":18}},"loc":{"start":{"line":31,"column":22},"end":{"line":39,"column":7}}},"6":{"name":"(anonymous_8)","decl":{"start":{"line":32,"column":19},"end":{"line":32,"column":null}},"loc":{"start":{"line":32,"column":19},"end":{"line":38,"column":9}}}},"branchMap":{"0":{"loc":{"start":{"line":15,"column":6},"end":{"line":17,"column":null}},"type":"if","locations":[{"start":{"line":15,"column":6},"end":{"line":17,"column":null}},{"start":{"line":15,"column":6},"end":{"line":17,"column":null}}]}},"s":{"0":1,"1":1,"2":1,"3":1,"4":1,"5":2,"6":1,"7":2,"8":1,"9":1,"10":1,"11":1,"12":0,"13":0,"14":1,"15":1,"16":1},"f":{"0":1,"1":1,"2":1,"3":2,"4":1,"5":1,"6":0},"b":{"0":[1,1]}}
}
